<?xml version="1.0" encoding="UTF-8"?>
<!-- Generated by org.testng.reporters.JUnitReportReporter -->
<testsuite skipped="0" hostname="LAPTOP-LJILQEDE" name="com.server.MainTest" tests="1" failures="0" timestamp="07 Nov 2019 01:02:50 GMT" time="37.571" errors="0">
  <testcase name="TestRun" time="37.571" classname="com.server.MainTest"/>
</testsuite> <!-- com.server.MainTest -->
